2021-08-24 15:01:45,627 INFO com.example.ticketbookingsystem.TicketBookingSystemApplication [restartedMain] Starting TicketBookingSystemApplication using Java 11.0.1 on sh-khorsandi-10 with PID 8576 (D:\sadeghi\code\demo\TicketBookingSystem\target\classes started by F_Sadeghafzal in D:\sadeghi\code\demo\TicketBookingSystem)
2021-08-24 15:01:45,627 INFO com.example.ticketbookingsystem.TicketBookingSystemApplication [restartedMain] No active profile set, falling back to default profiles: default
2021-08-24 15:01:45,658 INFO org.springframework.boot.devtools.env.DevToolsPropertyDefaultsPostProcessor [restartedMain] Devtools property defaults active! Set 'spring.devtools.add-properties' to 'false' to disable
2021-08-24 15:01:45,658 INFO org.springframework.boot.devtools.env.DevToolsPropertyDefaultsPostProcessor [restartedMain] For additional web related logging consider setting the 'logging.level.web' property to 'DEBUG'
2021-08-24 15:01:46,095 INFO org.springframework.data.repository.config.RepositoryConfigurationDelegate [restartedMain] Multiple Spring Data modules found, entering strict repository configuration mode!
2021-08-24 15:01:46,095 INFO org.springframework.data.repository.config.RepositoryConfigurationDelegate [restartedMain] Bootstrapping Spring Data JDBC repositories in DEFAULT mode.
2021-08-24 15:01:46,111 INFO org.springframework.data.repository.config.RepositoryConfigurationExtensionSupport [restartedMain] Spring Data JDBC - Could not safely identify store assignment for repository candidate interface com.example.ticketbookingsystem.repository.BookingDeatailRepository. If you want this repository to be a JDBC repository, consider annotating your entities with one of these annotations: org.springframework.data.relational.core.mapping.Table.
2021-08-24 15:01:46,111 INFO org.springframework.data.repository.config.RepositoryConfigurationExtensionSupport [restartedMain] Spring Data JDBC - Could not safely identify store assignment for repository candidate interface com.example.ticketbookingsystem.repository.BookingRepository. If you want this repository to be a JDBC repository, consider annotating your entities with one of these annotations: org.springframework.data.relational.core.mapping.Table.
2021-08-24 15:01:46,111 INFO org.springframework.data.repository.config.RepositoryConfigurationExtensionSupport [restartedMain] Spring Data JDBC - Could not safely identify store assignment for repository candidate interface com.example.ticketbookingsystem.repository.CustomerRepository. If you want this repository to be a JDBC repository, consider annotating your entities with one of these annotations: org.springframework.data.relational.core.mapping.Table.
2021-08-24 15:01:46,111 INFO org.springframework.data.repository.config.RepositoryConfigurationExtensionSupport [restartedMain] Spring Data JDBC - Could not safely identify store assignment for repository candidate interface com.example.ticketbookingsystem.repository.FlightRepository. If you want this repository to be a JDBC repository, consider annotating your entities with one of these annotations: org.springframework.data.relational.core.mapping.Table.
2021-08-24 15:01:46,111 INFO org.springframework.data.repository.config.RepositoryConfigurationDelegate [restartedMain] Finished Spring Data repository scanning in 19 ms. Found 0 JDBC repository interfaces.
2021-08-24 15:01:46,111 INFO org.springframework.data.repository.config.RepositoryConfigurationDelegate [restartedMain] Multiple Spring Data modules found, entering strict repository configuration mode!
2021-08-24 15:01:46,111 INFO org.springframework.data.repository.config.RepositoryConfigurationDelegate [restartedMain] Bootstrapping Spring Data JPA repositories in DEFAULT mode.
2021-08-24 15:01:46,142 INFO org.springframework.data.repository.config.RepositoryConfigurationDelegate [restartedMain] Finished Spring Data repository scanning in 18 ms. Found 4 JPA repository interfaces.
2021-08-24 15:01:46,502 INFO org.springframework.boot.web.embedded.tomcat.TomcatWebServer [restartedMain] Tomcat initialized with port(s): 8085 (http)
2021-08-24 15:01:46,502 INFO org.apache.catalina.core.StandardService [restartedMain] Starting service [Tomcat]
2021-08-24 15:01:46,502 INFO org.apache.catalina.core.StandardEngine [restartedMain] Starting Servlet engine: [Apache Tomcat/9.0.50]
2021-08-24 15:01:46,595 INFO org.apache.catalina.core.ContainerBase.[Tomcat].[localhost].[/] [restartedMain] Initializing Spring embedded WebApplicationContext
2021-08-24 15:01:46,595 INFO org.springframework.boot.web.servlet.context.ServletWebServerApplicationContext [restartedMain] Root WebApplicationContext: initialization completed in 937 ms
2021-08-24 15:01:46,611 INFO com.zaxxer.hikari.HikariDataSource [restartedMain] HikariPool-1 - Starting...
2021-08-24 15:01:46,689 INFO com.zaxxer.hikari.HikariDataSource [restartedMain] HikariPool-1 - Start completed.
2021-08-24 15:01:46,705 INFO org.springframework.boot.autoconfigure.h2.H2ConsoleAutoConfiguration [restartedMain] H2 console available at '/h2-console'. Database available at 'jdbc:h2:mem:bootapp'
2021-08-24 15:01:46,799 INFO org.hibernate.jpa.internal.util.LogHelper [restartedMain] HHH000204: Processing PersistenceUnitInfo [name: default]
2021-08-24 15:01:46,830 INFO org.hibernate.Version [restartedMain] HHH000412: Hibernate ORM core version 5.4.28.Final
2021-08-24 15:01:46,924 INFO org.hibernate.annotations.common.Version [restartedMain] HCANN000001: Hibernate Commons Annotations {5.1.2.Final}
2021-08-24 15:01:47,002 INFO org.hibernate.dialect.Dialect [restartedMain] HHH000400: Using dialect: org.hibernate.dialect.H2Dialect
2021-08-24 15:01:47,439 INFO org.hibernate.engine.transaction.jta.platform.internal.JtaPlatformInitiator [restartedMain] HHH000490: Using JtaPlatform implementation: [org.hibernate.engine.transaction.jta.platform.internal.NoJtaPlatform]
2021-08-24 15:01:47,439 INFO org.springframework.orm.jpa.LocalContainerEntityManagerFactoryBean [restartedMain] Initialized JPA EntityManagerFactory for persistence unit 'default'
2021-08-24 15:01:47,455 INFO org.springframework.beans.factory.annotation.AutowiredAnnotationBeanPostProcessor [restartedMain] Autowired annotation is not supported on static fields: static final org.slf4j.Logger com.example.ticketbookingsystem.controller.ReserveController.logger
2021-08-24 15:01:47,689 WARN org.springframework.boot.autoconfigure.orm.jpa.JpaBaseConfiguration$JpaWebConfiguration [restartedMain] spring.jpa.open-in-view is enabled by default. Therefore, database queries may be performed during view rendering. Explicitly configure spring.jpa.open-in-view to disable this warning
2021-08-24 15:01:47,939 INFO org.springframework.boot.devtools.autoconfigure.OptionalLiveReloadServer [restartedMain] LiveReload server is running on port 35729
2021-08-24 15:01:47,986 INFO org.springframework.boot.web.embedded.tomcat.TomcatWebServer [restartedMain] Tomcat started on port(s): 8085 (http) with context path ''
2021-08-24 15:01:47,986 INFO com.example.ticketbookingsystem.TicketBookingSystemApplication [restartedMain] Started TicketBookingSystemApplication in 2.691 seconds (JVM running for 3.381)
2021-08-24 15:01:47,986 INFO com.example.ticketbookingsystem.TicketBookingSystemApplication [restartedMain] endApp
